<?xml version="1.0" encoding="UTF-8"?>
<testng-results ignored="16" total="20" passed="3" failed="0" skipped="1">
  <reporter-output>
  </reporter-output>
  <suite started-at="2022-03-05T09:52:40 IST" name="Suite" finished-at="2022-03-05T09:54:20 IST" duration-ms="99820">
    <groups>
    </groups>
    <test started-at="2022-03-05T09:52:40 IST" name="FirefoxTest" finished-at="2022-03-05T09:53:35 IST" duration-ms="54417">
      <class name="Package1.Test2">
        <test-method is-config="true" signature="launchBroser(java.lang.String)[pri:0, instance:Package1.Test2@32b260fa]" started-at="2022-03-05T09:52:40 IST" name="launchBroser" finished-at="2022-03-05T09:52:54 IST" duration-ms="14103" status="PASS">
          <params>
            <param index="0">
              <value>
                <![CDATA[Firefox]]>
              </value>
            </param>
          </params>
          <reporter-output>
          </reporter-output>
        </test-method> <!-- launchBroser -->
        <test-method is-config="true" signature="launchBrowser()[pri:0, instance:Package1.Test2@32b260fa]" started-at="2022-03-05T09:52:54 IST" name="launchBrowser" finished-at="2022-03-05T09:52:54 IST" duration-ms="1" status="PASS">
          <reporter-output>
          </reporter-output>
        </test-method> <!-- launchBrowser -->
        <test-method is-config="true" signature="loginToTheApplication()[pri:0, instance:Package1.Test2@32b260fa]" started-at="2022-03-05T09:52:54 IST" name="loginToTheApplication" finished-at="2022-03-05T09:53:20 IST" duration-ms="25251" status="PASS">
          <reporter-output>
          </reporter-output>
        </test-method> <!-- loginToTheApplication -->
        <test-method signature="verifyTheUserTab()[pri:0, instance:Package1.Test2@32b260fa]" started-at="2022-03-05T09:53:20 IST" name="verifyTheUserTab" finished-at="2022-03-05T09:53:30 IST" duration-ms="10510" status="PASS">
          <reporter-output>
          </reporter-output>
        </test-method> <!-- verifyTheUserTab -->
        <test-method is-config="true" signature="logOutTheApplication()[pri:0, instance:Package1.Test2@32b260fa]" started-at="2022-03-05T09:53:30 IST" name="logOutTheApplication" finished-at="2022-03-05T09:53:30 IST" duration-ms="1" status="PASS">
          <reporter-output>
          </reporter-output>
        </test-method> <!-- logOutTheApplication -->
        <test-method is-config="true" signature="closeTheBrowser()[pri:0, instance:Package1.Test2@32b260fa]" started-at="2022-03-05T09:53:30 IST" name="closeTheBrowser" finished-at="2022-03-05T09:53:30 IST" duration-ms="0" status="PASS">
          <reporter-output>
          </reporter-output>
        </test-method> <!-- closeTheBrowser -->
        <test-method is-config="true" signature="closeBowser1()[pri:0, instance:Package1.Test2@32b260fa]" started-at="2022-03-05T09:53:30 IST" name="closeBowser1" finished-at="2022-03-05T09:53:35 IST" duration-ms="4466" status="PASS">
          <reporter-output>
          </reporter-output>
        </test-method> <!-- closeBowser1 -->
      </class> <!-- Package1.Test2 -->
      <class name="Package1.Test3">
        <test-method is-config="true" signature="launchBroser(java.lang.String)[pri:0, instance:Package1.Test3@2a54a73f]" started-at="2022-03-05T09:52:54 IST" name="launchBroser" finished-at="2022-03-05T09:52:54 IST" duration-ms="1" status="PASS">
          <params>
            <param index="0">
              <value>
                <![CDATA[Firefox]]>
              </value>
            </param>
          </params>
          <reporter-output>
          </reporter-output>
        </test-method> <!-- launchBroser -->
        <test-method is-config="true" signature="launchBrowser()[pri:0, instance:Package1.Test3@2a54a73f]" started-at="2022-03-05T09:53:30 IST" name="launchBrowser" finished-at="2022-03-05T09:53:30 IST" duration-ms="0" status="PASS">
          <reporter-output>
          </reporter-output>
        </test-method> <!-- launchBrowser -->
        <test-method is-config="true" signature="loginToTheApplication()[pri:0, instance:Package1.Test3@2a54a73f]" started-at="2022-03-05T09:53:30 IST" name="loginToTheApplication" finished-at="2022-03-05T09:53:30 IST" duration-ms="1" status="FAIL">
          <exception class="java.lang.NullPointerException">
            <message>
              <![CDATA[Cannot invoke "org.openqa.selenium.WebDriver.get(String)" because "this.driver" is null]]>
            </message>
            <full-stacktrace>
              <![CDATA[java.lang.NullPointerException: Cannot invoke "org.openqa.selenium.WebDriver.get(String)" because "this.driver" is null
at Package1.Test3.loginToTheApplication(Test3.java:54)
at java.base/jdk.internal.reflect.NativeMethodAccessorImpl.invoke0(Native Method)
at java.base/jdk.internal.reflect.NativeMethodAccessorImpl.invoke(NativeMethodAccessorImpl.java:77)
at java.base/jdk.internal.reflect.DelegatingMethodAccessorImpl.invoke(DelegatingMethodAccessorImpl.java:43)
at java.base/java.lang.reflect.Method.invoke(Method.java:568)
at org.testng.internal.MethodInvocationHelper.invokeMethod(MethodInvocationHelper.java:133)
at org.testng.internal.MethodInvocationHelper.invokeMethodConsideringTimeout(MethodInvocationHelper.java:62)
at org.testng.internal.ConfigInvoker.invokeConfigurationMethod(ConfigInvoker.java:385)
at org.testng.internal.ConfigInvoker.invokeConfigurations(ConfigInvoker.java:321)
at org.testng.internal.TestInvoker.runConfigMethods(TestInvoker.java:700)
at org.testng.internal.TestInvoker.invokeMethod(TestInvoker.java:527)
at org.testng.internal.TestInvoker.invokeTestMethod(TestInvoker.java:173)
at org.testng.internal.MethodRunner.runInSequence(MethodRunner.java:46)
at org.testng.internal.TestInvoker$MethodInvocationAgent.invoke(TestInvoker.java:824)
at org.testng.internal.TestInvoker.invokeTestMethods(TestInvoker.java:146)
at org.testng.internal.TestMethodWorker.invokeTestMethods(TestMethodWorker.java:146)
at org.testng.internal.TestMethodWorker.run(TestMethodWorker.java:128)
at java.base/java.util.ArrayList.forEach(ArrayList.java:1511)
at org.testng.TestRunner.privateRun(TestRunner.java:794)
at org.testng.TestRunner.run(TestRunner.java:596)
at org.testng.SuiteRunner.runTest(SuiteRunner.java:377)
at org.testng.SuiteRunner.access$000(SuiteRunner.java:28)
at org.testng.SuiteRunner$SuiteWorker.run(SuiteRunner.java:418)
at org.testng.internal.thread.ThreadUtil.lambda$execute$0(ThreadUtil.java:64)
at java.base/java.util.concurrent.FutureTask.run(FutureTask.java:264)
at java.base/java.util.concurrent.ThreadPoolExecutor.runWorker(ThreadPoolExecutor.java:1136)
at java.base/java.util.concurrent.ThreadPoolExecutor$Worker.run(ThreadPoolExecutor.java:635)
at java.base/java.lang.Thread.run(Thread.java:833)
]]>
            </full-stacktrace>
          </exception> <!-- java.lang.NullPointerException -->
          <reporter-output>
          </reporter-output>
        </test-method> <!-- loginToTheApplication -->
        <test-method signature="verifyTheUserTab()[pri:0, instance:Package1.Test3@2a54a73f]" started-at="2022-03-05T09:53:30 IST" name="verifyTheUserTab" finished-at="2022-03-05T09:53:30 IST" duration-ms="0" status="SKIP">
          <exception class="java.lang.NullPointerException">
            <message>
              <![CDATA[Cannot invoke "org.openqa.selenium.WebDriver.get(String)" because "this.driver" is null]]>
            </message>
            <full-stacktrace>
              <![CDATA[java.lang.NullPointerException: Cannot invoke "org.openqa.selenium.WebDriver.get(String)" because "this.driver" is null
at Package1.Test3.loginToTheApplication(Test3.java:54)
at java.base/jdk.internal.reflect.NativeMethodAccessorImpl.invoke0(Native Method)
at java.base/jdk.internal.reflect.NativeMethodAccessorImpl.invoke(NativeMethodAccessorImpl.java:77)
at java.base/jdk.internal.reflect.DelegatingMethodAccessorImpl.invoke(DelegatingMethodAccessorImpl.java:43)
at java.base/java.lang.reflect.Method.invoke(Method.java:568)
at org.testng.internal.MethodInvocationHelper.invokeMethod(MethodInvocationHelper.java:133)
at org.testng.internal.MethodInvocationHelper.invokeMethodConsideringTimeout(MethodInvocationHelper.java:62)
at org.testng.internal.ConfigInvoker.invokeConfigurationMethod(ConfigInvoker.java:385)
at org.testng.internal.ConfigInvoker.invokeConfigurations(ConfigInvoker.java:321)
at org.testng.internal.TestInvoker.runConfigMethods(TestInvoker.java:700)
at org.testng.internal.TestInvoker.invokeMethod(TestInvoker.java:527)
at org.testng.internal.TestInvoker.invokeTestMethod(TestInvoker.java:173)
at org.testng.internal.MethodRunner.runInSequence(MethodRunner.java:46)
at org.testng.internal.TestInvoker$MethodInvocationAgent.invoke(TestInvoker.java:824)
at org.testng.internal.TestInvoker.invokeTestMethods(TestInvoker.java:146)
at org.testng.internal.TestMethodWorker.invokeTestMethods(TestMethodWorker.java:146)
at org.testng.internal.TestMethodWorker.run(TestMethodWorker.java:128)
at java.base/java.util.ArrayList.forEach(ArrayList.java:1511)
at org.testng.TestRunner.privateRun(TestRunner.java:794)
at org.testng.TestRunner.run(TestRunner.java:596)
at org.testng.SuiteRunner.runTest(SuiteRunner.java:377)
at org.testng.SuiteRunner.access$000(SuiteRunner.java:28)
at org.testng.SuiteRunner$SuiteWorker.run(SuiteRunner.java:418)
at org.testng.internal.thread.ThreadUtil.lambda$execute$0(ThreadUtil.java:64)
at java.base/java.util.concurrent.FutureTask.run(FutureTask.java:264)
at java.base/java.util.concurrent.ThreadPoolExecutor.runWorker(ThreadPoolExecutor.java:1136)
at java.base/java.util.concurrent.ThreadPoolExecutor$Worker.run(ThreadPoolExecutor.java:635)
at java.base/java.lang.Thread.run(Thread.java:833)
]]>
            </full-stacktrace>
          </exception> <!-- java.lang.NullPointerException -->
          <reporter-output>
          </reporter-output>
        </test-method> <!-- verifyTheUserTab -->
        <test-method is-config="true" signature="logOutTheApplication()[pri:0, instance:Package1.Test3@2a54a73f]" started-at="2022-03-05T09:53:30 IST" name="logOutTheApplication" finished-at="1970-01-01T05:30:00 IST" duration-ms="-1646454210561" status="SKIP">
          <reporter-output>
          </reporter-output>
        </test-method> <!-- logOutTheApplication -->
        <test-method is-config="true" signature="closeTheBrowser()[pri:0, instance:Package1.Test3@2a54a73f]" started-at="2022-03-05T09:53:30 IST" name="closeTheBrowser" finished-at="1970-01-01T05:30:00 IST" duration-ms="-1646454210568" status="SKIP">
          <reporter-output>
          </reporter-output>
        </test-method> <!-- closeTheBrowser -->
        <test-method is-config="true" signature="closeBowser1()[pri:0, instance:Package1.Test3@2a54a73f]" started-at="2022-03-05T09:53:35 IST" name="closeBowser1" finished-at="2022-03-05T09:53:35 IST" duration-ms="1" status="FAIL">
          <exception class="java.lang.NullPointerException">
            <message>
              <![CDATA[Cannot invoke "org.openqa.selenium.WebDriver.quit()" because "this.driver" is null]]>
            </message>
            <full-stacktrace>
              <![CDATA[java.lang.NullPointerException: Cannot invoke "org.openqa.selenium.WebDriver.quit()" because "this.driver" is null
at Package1.Test3.closeBowser1(Test3.java:175)
at java.base/jdk.internal.reflect.NativeMethodAccessorImpl.invoke0(Native Method)
at java.base/jdk.internal.reflect.NativeMethodAccessorImpl.invoke(NativeMethodAccessorImpl.java:77)
at java.base/jdk.internal.reflect.DelegatingMethodAccessorImpl.invoke(DelegatingMethodAccessorImpl.java:43)
at java.base/java.lang.reflect.Method.invoke(Method.java:568)
at org.testng.internal.MethodInvocationHelper.invokeMethod(MethodInvocationHelper.java:133)
at org.testng.internal.MethodInvocationHelper.invokeMethodConsideringTimeout(MethodInvocationHelper.java:62)
at org.testng.internal.ConfigInvoker.invokeConfigurationMethod(ConfigInvoker.java:385)
at org.testng.internal.ConfigInvoker.invokeConfigurations(ConfigInvoker.java:321)
at org.testng.TestRunner.invokeTestConfigurations(TestRunner.java:637)
at org.testng.TestRunner.afterRun(TestRunner.java:877)
at org.testng.TestRunner.run(TestRunner.java:599)
at org.testng.SuiteRunner.runTest(SuiteRunner.java:377)
at org.testng.SuiteRunner.access$000(SuiteRunner.java:28)
at org.testng.SuiteRunner$SuiteWorker.run(SuiteRunner.java:418)
at org.testng.internal.thread.ThreadUtil.lambda$execute$0(ThreadUtil.java:64)
at java.base/java.util.concurrent.FutureTask.run(FutureTask.java:264)
at java.base/java.util.concurrent.ThreadPoolExecutor.runWorker(ThreadPoolExecutor.java:1136)
at java.base/java.util.concurrent.ThreadPoolExecutor$Worker.run(ThreadPoolExecutor.java:635)
at java.base/java.lang.Thread.run(Thread.java:833)
]]>
            </full-stacktrace>
          </exception> <!-- java.lang.NullPointerException -->
          <reporter-output>
          </reporter-output>
        </test-method> <!-- closeBowser1 -->
      </class> <!-- Package1.Test3 -->
    </test> <!-- FirefoxTest -->
    <test started-at="2022-03-05T09:52:40 IST" name="ChromeTest" finished-at="2022-03-05T09:54:20 IST" duration-ms="99820">
      <class name="Package1.Test2">
        <test-method is-config="true" signature="launchBroser(java.lang.String)[pri:0, instance:Package1.Test2@43dac38f]" started-at="2022-03-05T09:52:40 IST" name="launchBroser" finished-at="2022-03-05T09:52:44 IST" duration-ms="4300" status="PASS">
          <params>
            <param index="0">
              <value>
                <![CDATA[Chrome]]>
              </value>
            </param>
          </params>
          <reporter-output>
          </reporter-output>
        </test-method> <!-- launchBroser -->
        <test-method is-config="true" signature="launchBrowser()[pri:0, instance:Package1.Test2@43dac38f]" started-at="2022-03-05T09:52:47 IST" name="launchBrowser" finished-at="2022-03-05T09:52:47 IST" duration-ms="93" status="PASS">
          <reporter-output>
          </reporter-output>
        </test-method> <!-- launchBrowser -->
        <test-method is-config="true" signature="loginToTheApplication()[pri:0, instance:Package1.Test2@43dac38f]" started-at="2022-03-05T09:52:47 IST" name="loginToTheApplication" finished-at="2022-03-05T09:53:11 IST" duration-ms="24041" status="PASS">
          <reporter-output>
          </reporter-output>
        </test-method> <!-- loginToTheApplication -->
        <test-method signature="verifyTheUserTab()[pri:0, instance:Package1.Test2@43dac38f]" started-at="2022-03-05T09:53:11 IST" name="verifyTheUserTab" finished-at="2022-03-05T09:53:21 IST" duration-ms="10661" status="PASS">
          <reporter-output>
          </reporter-output>
        </test-method> <!-- verifyTheUserTab -->
        <test-method is-config="true" signature="logOutTheApplication()[pri:0, instance:Package1.Test2@43dac38f]" started-at="2022-03-05T09:53:21 IST" name="logOutTheApplication" finished-at="2022-03-05T09:53:21 IST" duration-ms="0" status="PASS">
          <reporter-output>
          </reporter-output>
        </test-method> <!-- logOutTheApplication -->
        <test-method is-config="true" signature="closeTheBrowser()[pri:0, instance:Package1.Test2@43dac38f]" started-at="2022-03-05T09:53:21 IST" name="closeTheBrowser" finished-at="2022-03-05T09:53:21 IST" duration-ms="1" status="PASS">
          <reporter-output>
          </reporter-output>
        </test-method> <!-- closeTheBrowser -->
        <test-method is-config="true" signature="closeBowser1()[pri:0, instance:Package1.Test2@43dac38f]" started-at="2022-03-05T09:54:18 IST" name="closeBowser1" finished-at="2022-03-05T09:54:19 IST" duration-ms="685" status="PASS">
          <reporter-output>
          </reporter-output>
        </test-method> <!-- closeBowser1 -->
      </class> <!-- Package1.Test2 -->
      <class name="Package1.Test3">
        <test-method is-config="true" signature="launchBroser(java.lang.String)[pri:0, instance:Package1.Test3@342c38f8]" started-at="2022-03-05T09:52:44 IST" name="launchBroser" finished-at="2022-03-05T09:52:46 IST" duration-ms="2027" status="PASS">
          <params>
            <param index="0">
              <value>
                <![CDATA[Chrome]]>
              </value>
            </param>
          </params>
          <reporter-output>
          </reporter-output>
        </test-method> <!-- launchBroser -->
        <test-method is-config="true" signature="launchBrowser()[pri:0, instance:Package1.Test3@342c38f8]" started-at="2022-03-05T09:53:21 IST" name="launchBrowser" finished-at="2022-03-05T09:53:21 IST" duration-ms="4" status="PASS">
          <reporter-output>
          </reporter-output>
        </test-method> <!-- launchBrowser -->
        <test-method is-config="true" signature="loginToTheApplication()[pri:0, instance:Package1.Test3@342c38f8]" started-at="2022-03-05T09:53:21 IST" name="loginToTheApplication" finished-at="2022-03-05T09:54:07 IST" duration-ms="45551" status="PASS">
          <reporter-output>
          </reporter-output>
        </test-method> <!-- loginToTheApplication -->
        <test-method signature="verifyTheUserTab()[pri:0, instance:Package1.Test3@342c38f8]" started-at="2022-03-05T09:54:07 IST" name="verifyTheUserTab" finished-at="2022-03-05T09:54:18 IST" duration-ms="11355" status="PASS">
          <reporter-output>
          </reporter-output>
        </test-method> <!-- verifyTheUserTab -->
        <test-method is-config="true" signature="logOutTheApplication()[pri:0, instance:Package1.Test3@342c38f8]" started-at="2022-03-05T09:54:18 IST" name="logOutTheApplication" finished-at="2022-03-05T09:54:18 IST" duration-ms="0" status="PASS">
          <reporter-output>
          </reporter-output>
        </test-method> <!-- logOutTheApplication -->
        <test-method is-config="true" signature="closeTheBrowser()[pri:0, instance:Package1.Test3@342c38f8]" started-at="2022-03-05T09:54:18 IST" name="closeTheBrowser" finished-at="2022-03-05T09:54:18 IST" duration-ms="1" status="PASS">
          <reporter-output>
          </reporter-output>
        </test-method> <!-- closeTheBrowser -->
        <test-method is-config="true" signature="closeBowser1()[pri:0, instance:Package1.Test3@342c38f8]" started-at="2022-03-05T09:54:19 IST" name="closeBowser1" finished-at="2022-03-05T09:54:20 IST" duration-ms="972" status="PASS">
          <reporter-output>
          </reporter-output>
        </test-method> <!-- closeBowser1 -->
      </class> <!-- Package1.Test3 -->
    </test> <!-- ChromeTest -->
  </suite> <!-- Suite -->
</testng-results>
