<?xml version="1.0" encoding="UTF-8"?>
<!-- Generated by org.testng.reporters.JUnitXMLReporter -->
<testsuite ignored="0" hostname="DESKTOP-IQ2M59A" failures="0" tests="5" name="Default test" time="0.111" errors="0" timestamp="2022-03-04T13:49:10 IST">
  <testcase classname="Package1.Test2" name="@BeforeTest launchBroser" time="-1.646381949947E9">
    <failure type="org.testng.TestNGException" message="
Parameter &amp;apos;browser&amp;apos; is required by BeforeTest on method launchBroser but has not been marked @Optional or defined
in C:\Users\Moreshwar\AppData\Local\Temp\testng-eclipse-2095025904\testng-customsuite.xml">
      <![CDATA[org.testng.TestNGException: 
Parameter 'browser' is required by BeforeTest on method launchBroser but has not been marked @Optional or defined
in C:\Users\Moreshwar\AppData\Local\Temp\testng-eclipse-2095025904\testng-customsuite.xml
at org.testng.internal.Parameters.createParams(Parameters.java:270)
at org.testng.internal.Parameters.createParametersForMethod(Parameters.java:358)
at org.testng.internal.Parameters.createParameters(Parameters.java:700)
at org.testng.internal.Parameters.createConfigurationParameters(Parameters.java:168)
at org.testng.internal.ConfigInvoker.invokeConfigurations(ConfigInvoker.java:302)
at org.testng.TestRunner.invokeTestConfigurations(TestRunner.java:637)
at org.testng.TestRunner.beforeRun(TestRunner.java:627)
at org.testng.TestRunner.run(TestRunner.java:589)
at org.testng.SuiteRunner.runTest(SuiteRunner.java:377)
at org.testng.SuiteRunner.runSequentially(SuiteRunner.java:371)
at org.testng.SuiteRunner.privateRun(SuiteRunner.java:332)
at org.testng.SuiteRunner.run(SuiteRunner.java:276)
at org.testng.SuiteRunnerWorker.runSuite(SuiteRunnerWorker.java:53)
at org.testng.SuiteRunnerWorker.run(SuiteRunnerWorker.java:96)
at org.testng.TestNG.runSuitesSequentially(TestNG.java:1212)
at org.testng.TestNG.runSuitesLocally(TestNG.java:1134)
at org.testng.TestNG.runSuites(TestNG.java:1063)
at org.testng.TestNG.run(TestNG.java:1031)
at org.testng.remote.AbstractRemoteTestNG.run(AbstractRemoteTestNG.java:115)
at org.testng.remote.RemoteTestNG.initAndRun(RemoteTestNG.java:251)
at org.testng.remote.RemoteTestNG.main(RemoteTestNG.java:77)
]]>
    </failure>
  </testcase> <!-- @BeforeTest launchBroser -->
  <testcase classname="Package1.Test2" name="@BeforeClass launchBrowser" time="-1.64638194998E9">
    <skipped/>
  </testcase> <!-- @BeforeClass launchBrowser -->
  <testcase classname="Package1.Test2" name="@BeforeMethod loginToTheApplication" time="-1.646381950001E9">
    <skipped/>
  </testcase> <!-- @BeforeMethod loginToTheApplication -->
  <testcase classname="Package1.Test2" name="@AfterMethod logOutTheApplication" time="-1.646381950009E9">
    <skipped/>
  </testcase> <!-- @AfterMethod logOutTheApplication -->
  <testcase classname="Package1.Test2" name="@BeforeMethod loginToTheApplication" time="-1.646381950012E9">
    <skipped/>
  </testcase> <!-- @BeforeMethod loginToTheApplication -->
  <testcase classname="Package1.Test2" name="@AfterMethod logOutTheApplication" time="-1.646381950019E9">
    <skipped/>
  </testcase> <!-- @AfterMethod logOutTheApplication -->
  <testcase classname="Package1.Test2" name="@BeforeMethod loginToTheApplication" time="-1.646381950022E9">
    <skipped/>
  </testcase> <!-- @BeforeMethod loginToTheApplication -->
  <testcase classname="Package1.Test2" name="@AfterMethod logOutTheApplication" time="-1.646381950029E9">
    <skipped/>
  </testcase> <!-- @AfterMethod logOutTheApplication -->
  <testcase classname="Package1.Test2" name="@BeforeMethod loginToTheApplication" time="-1.646381950031E9">
    <skipped/>
  </testcase> <!-- @BeforeMethod loginToTheApplication -->
  <testcase classname="Package1.Test2" name="@AfterMethod logOutTheApplication" time="-1.646381950036E9">
    <skipped/>
  </testcase> <!-- @AfterMethod logOutTheApplication -->
  <testcase classname="Package1.Test2" name="@BeforeMethod loginToTheApplication" time="-1.646381950038E9">
    <skipped/>
  </testcase> <!-- @BeforeMethod loginToTheApplication -->
  <testcase classname="Package1.Test2" name="@AfterMethod logOutTheApplication" time="-1.646381950042E9">
    <skipped/>
  </testcase> <!-- @AfterMethod logOutTheApplication -->
  <testcase classname="Package1.Test2" name="@AfterClass closeTheBrowser" time="-1.646381950045E9">
    <skipped/>
  </testcase> <!-- @AfterClass closeTheBrowser -->
  <testcase classname="Package1.Test2" name="@AfterTest closeBowser1" time="-1.646381950051E9">
    <skipped/>
  </testcase> <!-- @AfterTest closeBowser1 -->
  <testcase classname="Package1.Test2" name="verifyTheUserTab" time="0.0">
    <skipped/>
  </testcase> <!-- verifyTheUserTab -->
  <testcase classname="Package1.Test2" name="verifyTheUserTab1" time="0.0">
    <skipped/>
  </testcase> <!-- verifyTheUserTab1 -->
  <testcase classname="Package1.Test2" name="verifyTheUserTab3" time="0.0">
    <skipped/>
  </testcase> <!-- verifyTheUserTab3 -->
  <testcase classname="Package1.Test2" name="verifyTheUserTab4" time="0.0">
    <skipped/>
  </testcase> <!-- verifyTheUserTab4 -->
  <testcase classname="Package1.Test2" name="verifyTheUserTab5" time="0.0">
    <skipped/>
  </testcase> <!-- verifyTheUserTab5 -->
</testsuite> <!-- Default test -->
